# JRE version: OpenJDK Runtime Environment (8.0_152-b02) (build 1.8.0_152-release-1024-b02)
# Java VM: OpenJDK 64-Bit Server VM (25.152-b02 mixed mode windows-amd64 compressed oops)
Heap:
 PSYoungGen      total 273920K, used 242138K [0x00000000d5580000, 0x00000000ecc80000, 0x0000000100000000)
  eden space 229888K, 98% used [0x00000000d5580000,0x00000000e3359b28,0x00000000e3600000)
  from space 44032K, 33% used [0x00000000e3600000,0x00000000e449cdb0,0x00000000e6100000)
  to   space 40448K, 0% used [0x00000000ea500000,0x00000000ea500000,0x00000000ecc80000)
 ParOldGen       total 260608K, used 123781K [0x0000000080000000, 0x000000008fe80000, 0x00000000d5580000)
  object space 260608K, 47% used [0x0000000080000000,0x00000000878e17d8,0x000000008fe80000)
 Metaspace       used 73349K, capacity 76084K, committed 76288K, reserved 1116160K
  class space    used 9634K, capacity 10233K, committed 10240K, reserved 1048576K
GC Heap History (10 events):
Event: 36.107 GC heap before
{Heap before GC invocations=16 (full 3):
 PSYoungGen      total 211456K, used 211425K [0x00000000d5580000, 0x00000000e5900000, 0x0000000100000000)
  eden space 190464K, 100% used [0x00000000d5580000,0x00000000e0f80000,0x00000000e0f80000)
  from space 20992K, 99% used [0x00000000e2d80000,0x00000000e41f84f8,0x00000000e4200000)
  to   space 30720K, 0% used [0x00000000e0f80000,0x00000000e0f80000,0x00000000e2d80000)
 ParOldGen       total 260608K, used 57146K [0x0000000080000000, 0x000000008fe80000, 0x00000000d5580000)
  object space 260608K, 21% used [0x0000000080000000,0x00000000837ce940,0x000000008fe80000)
 Metaspace       used 69439K, capacity 71696K, committed 72064K, reserved 1112064K
  class space    used 9172K, capacity 9729K, committed 9856K, reserved 1048576K
Event: 36.208 GC heap after
Heap after GC invocations=16 (full 3):
 PSYoungGen      total 221184K, used 30706K [0x00000000d5580000, 0x00000000e8a00000, 0x0000000100000000)
  eden space 190464K, 0% used [0x00000000d5580000,0x00000000d5580000,0x00000000e0f80000)
  from space 30720K, 99% used [0x00000000e0f80000,0x00000000e2d7c9f8,0x00000000e2d80000)
  to   space 41984K, 0% used [0x00000000e6100000,0x00000000e6100000,0x00000000e8a00000)
 ParOldGen       total 260608K, used 76385K [0x0000000080000000, 0x000000008fe80000, 0x00000000d5580000)
  object space 260608K, 29% used [0x0000000080000000,0x0000000084a985d0,0x000000008fe80000)
 Metaspace       used 69439K, capacity 71696K, committed 72064K, reserved 1112064K
  class space    used 9172K, capacity 9729K, committed 9856K, reserved 1048576K
}
Event: 36.911 GC heap before
{Heap before GC invocations=17 (full 3):
 PSYoungGen      total 221184K, used 220462K [0x00000000d5580000, 0x00000000e8a00000, 0x0000000100000000)
  eden space 190464K, 99% used [0x00000000d5580000,0x00000000e0ecf178,0x00000000e0f80000)
  from space 30720K, 99% used [0x00000000e0f80000,0x00000000e2d7c9f8,0x00000000e2d80000)
  to   space 41984K, 0% used [0x00000000e6100000,0x00000000e6100000,0x00000000e8a00000)
 ParOldGen       total 260608K, used 76385K [0x0000000080000000, 0x000000008fe80000, 0x00000000d5580000)
  object space 260608K, 29% used [0x0000000080000000,0x0000000084a985d0,0x000000008fe80000)
 Metaspace       used 70519K, capacity 72942K, committed 73216K, reserved 1112064K
  class space    used 9324K, capacity 9888K, committed 9984K, reserved 1048576K
Event: 36.992 GC heap after
Heap after GC invocations=17 (full 3):
 PSYoungGen      total 271872K, used 31164K [0x00000000d5580000, 0x00000000ea980000, 0x0000000100000000)
  eden space 229888K, 0% used [0x00000000d5580000,0x00000000d5580000,0x00000000e3600000)
  from space 41984K, 74% used [0x00000000e6100000,0x00000000e7f6f050,0x00000000e8a00000)
  to   space 44032K, 0% used [0x00000000e3600000,0x00000000e3600000,0x00000000e6100000)
 ParOldGen       total 260608K, used 84238K [0x0000000080000000, 0x000000008fe80000, 0x00000000d5580000)
  object space 260608K, 32% used [0x0000000080000000,0x0000000085243890,0x000000008fe80000)
 Metaspace       used 70519K, capacity 72942K, committed 73216K, reserved 1112064K
  class space    used 9324K, capacity 9888K, committed 9984K, reserved 1048576K
}
Event: 37.046 GC heap before
{Heap before GC invocations=18 (full 3):
 PSYoungGen      total 271872K, used 260612K [0x00000000d5580000, 0x00000000ea980000, 0x0000000100000000)
  eden space 229888K, 99% used [0x00000000d5580000,0x00000000e3592038,0x00000000e3600000)
  from space 41984K, 74% used [0x00000000e6100000,0x00000000e7f6f050,0x00000000e8a00000)
  to   space 44032K, 0% used [0x00000000e3600000,0x00000000e3600000,0x00000000e6100000)
 ParOldGen       total 260608K, used 84238K [0x0000000080000000, 0x000000008fe80000, 0x00000000d5580000)
  object space 260608K, 32% used [0x0000000080000000,0x0000000085243890,0x000000008fe80000)
 Metaspace       used 70525K, capacity 72942K, committed 73216K, reserved 1112064K
  class space    used 9324K, capacity 9888K, committed 9984K, reserved 1048576K
Event: 37.098 GC heap after
Heap after GC invocations=18 (full 3):
 PSYoungGen      total 273920K, used 7590K [0x00000000d5580000, 0x00000000ea980000, 0x0000000100000000)
  eden space 229888K, 0% used [0x00000000d5580000,0x00000000d5580000,0x00000000e3600000)
  from space 44032K, 17% used [0x00000000e3600000,0x00000000e3d698d0,0x00000000e6100000)
  to   space 41984K, 0% used [0x00000000e6100000,0x00000000e6100000,0x00000000e8a00000)
 ParOldGen       total 260608K, used 106970K [0x0000000080000000, 0x000000008fe80000, 0x00000000d5580000)
  object space 260608K, 41% used [0x0000000080000000,0x0000000086876900,0x000000008fe80000)
 Metaspace       used 70525K, capacity 72942K, committed 73216K, reserved 1112064K
  class space    used 9324K, capacity 9888K, committed 9984K, reserved 1048576K
}
Event: 38.800 GC heap before
{Heap before GC invocations=19 (full 3):
 PSYoungGen      total 273920K, used 237478K [0x00000000d5580000, 0x00000000ea980000, 0x0000000100000000)
  eden space 229888K, 100% used [0x00000000d5580000,0x00000000e3600000,0x00000000e3600000)
  from space 44032K, 17% used [0x00000000e3600000,0x00000000e3d698d0,0x00000000e6100000)
  to   space 41984K, 0% used [0x00000000e6100000,0x00000000e6100000,0x00000000e8a00000)
 ParOldGen       total 260608K, used 106970K [0x0000000080000000, 0x000000008fe80000, 0x00000000d5580000)
  object space 260608K, 41% used [0x0000000080000000,0x0000000086876900,0x000000008fe80000)
 Metaspace       used 70718K, capacity 73170K, committed 73472K, reserved 1112064K
  class space    used 9357K, capacity 9934K, committed 9984K, reserved 1048576K
Event: 38.824 GC heap after
Heap after GC invocations=19 (full 3):
 PSYoungGen      total 271872K, used 12704K [0x00000000d5580000, 0x00000000ea980000, 0x0000000100000000)
  eden space 229888K, 0% used [0x00000000d5580000,0x00000000d5580000,0x00000000e3600000)
  from space 41984K, 30% used [0x00000000e6100000,0x00000000e6d68100,0x00000000e8a00000)
  to   space 44032K, 0% used [0x00000000e3600000,0x00000000e3600000,0x00000000e6100000)
 ParOldGen       total 260608K, used 112969K [0x0000000080000000, 0x000000008fe80000, 0x00000000d5580000)
  object space 260608K, 43% used [0x0000000080000000,0x0000000086e526b8,0x000000008fe80000)
 Metaspace       used 70718K, capacity 73170K, committed 73472K, reserved 1112064K
  class space    used 9357K, capacity 9934K, committed 9984K, reserved 1048576K
}
Event: 42.820 GC heap before
{Heap before GC invocations=20 (full 3):
 PSYoungGen      total 271872K, used 242592K [0x00000000d5580000, 0x00000000ea980000, 0x0000000100000000)
  eden space 229888K, 100% used [0x00000000d5580000,0x00000000e3600000,0x00000000e3600000)
  from space 41984K, 30% used [0x00000000e6100000,0x00000000e6d68100,0x00000000e8a00000)
  to   space 44032K, 0% used [0x00000000e3600000,0x00000000e3600000,0x00000000e6100000)
 ParOldGen       total 260608K, used 112969K [0x0000000080000000, 0x000000008fe80000, 0x00000000d5580000)
  object space 260608K, 43% used [0x0000000080000000,0x0000000086e526b8,0x000000008fe80000)
 Metaspace       used 71521K, capacity 74178K, committed 74368K, reserved 1114112K
  class space    used 9460K, capacity 10056K, committed 10112K, reserved 1048576K
Event: 42.852 GC heap after
Heap after GC invocations=20 (full 3):
 PSYoungGen      total 273920K, used 14963K [0x00000000d5580000, 0x00000000ecc80000, 0x0000000100000000)
  eden space 229888K, 0% used [0x00000000d5580000,0x00000000d5580000,0x00000000e3600000)
  from space 44032K, 33% used [0x00000000e3600000,0x00000000e449cdb0,0x00000000e6100000)
  to   space 40448K, 0% used [0x00000000ea500000,0x00000000ea500000,0x00000000ecc80000)
 ParOldGen       total 260608K, used 123781K [0x0000000080000000, 0x000000008fe80000, 0x00000000d5580000)
  object space 260608K, 47% used [0x0000000080000000,0x00000000878e17d8,0x000000008fe80000)
 Metaspace       used 71521K, capacity 74178K, committed 74368K, reserved 1114112K
  class space    used 9460K, capacity 10056K, committed 10112K, reserved 1048576K
}

