# JRE version: OpenJDK Runtime Environment (8.0_152-b02) (build 1.8.0_152-release-1024-b02)
# Java VM: OpenJDK 64-Bit Server VM (25.152-b02 mixed mode windows-amd64 compressed oops)
Heap:
 PSYoungGen      total 309760K, used 272560K [0x000000076af00000, 0x0000000787000000, 0x00000007c0000000)
  eden space 259072K, 85% used [0x000000076af00000,0x00000007787ada88,0x000000077ac00000)
  from space 50688K, 99% used [0x0000000783e80000,0x0000000786ffe7f8,0x0000000787000000)
  to   space 41472K, 0% used [0x000000077ac00000,0x000000077ac00000,0x000000077d480000)
 ParOldGen       total 219648K, used 66539K [0x00000006c0c00000, 0x00000006ce280000, 0x000000076af00000)
  object space 219648K, 30% used [0x00000006c0c00000,0x00000006c4cfaf48,0x00000006ce280000)
 Metaspace       used 52295K, capacity 53637K, committed 53888K, reserved 1097728K
  class space    used 6139K, capacity 6450K, committed 6528K, reserved 1048576K
GC Heap History (10 events):
Event: 5.892 GC heap before
{Heap before GC invocations=6 (full 2):
 PSYoungGen      total 196096K, used 10741K [0x000000076af00000, 0x0000000779000000, 0x00000007c0000000)
  eden space 185344K, 0% used [0x000000076af00000,0x000000076af00000,0x0000000776400000)
  from space 10752K, 99% used [0x0000000776e80000,0x00000007778fd5a8,0x0000000777900000)
  to   space 10752K, 0% used [0x0000000776400000,0x0000000776400000,0x0000000776e80000)
 ParOldGen       total 114688K, used 35355K [0x00000006c0c00000, 0x00000006c7c00000, 0x000000076af00000)
  object space 114688K, 30% used [0x00000006c0c00000,0x00000006c2e86f08,0x00000006c7c00000)
 Metaspace       used 34573K, capacity 35016K, committed 35416K, reserved 1081344K
  class space    used 4354K, capacity 4484K, committed 4608K, reserved 1048576K
Event: 6.118 GC heap after
Heap after GC invocations=6 (full 2):
 PSYoungGen      total 196096K, used 0K [0x000000076af00000, 0x0000000779000000, 0x00000007c0000000)
  eden space 185344K, 0% used [0x000000076af00000,0x000000076af00000,0x0000000776400000)
  from space 10752K, 0% used [0x0000000776e80000,0x0000000776e80000,0x0000000777900000)
  to   space 10752K, 0% used [0x0000000776400000,0x0000000776400000,0x0000000776e80000)
 ParOldGen       total 219648K, used 42008K [0x00000006c0c00000, 0x00000006ce280000, 0x000000076af00000)
  object space 219648K, 19% used [0x00000006c0c00000,0x00000006c3506110,0x00000006ce280000)
 Metaspace       used 34573K, capacity 35016K, committed 35416K, reserved 1081344K
  class space    used 4354K, capacity 4484K, committed 4608K, reserved 1048576K
}
Event: 9.499 GC heap before
{Heap before GC invocations=7 (full 2):
 PSYoungGen      total 196096K, used 185344K [0x000000076af00000, 0x0000000779000000, 0x00000007c0000000)
  eden space 185344K, 100% used [0x000000076af00000,0x0000000776400000,0x0000000776400000)
  from space 10752K, 0% used [0x0000000776e80000,0x0000000776e80000,0x0000000777900000)
  to   space 10752K, 0% used [0x0000000776400000,0x0000000776400000,0x0000000776e80000)
 ParOldGen       total 219648K, used 42008K [0x00000006c0c00000, 0x00000006ce280000, 0x000000076af00000)
  object space 219648K, 19% used [0x00000006c0c00000,0x00000006c3506110,0x00000006ce280000)
 Metaspace       used 40046K, capacity 40577K, committed 40960K, reserved 1085440K
  class space    used 4871K, capacity 5018K, committed 5120K, reserved 1048576K
Event: 9.551 GC heap after
Heap after GC invocations=7 (full 2):
 PSYoungGen      total 196096K, used 10752K [0x000000076af00000, 0x000000077f980000, 0x00000007c0000000)
  eden space 185344K, 0% used [0x000000076af00000,0x000000076af00000,0x0000000776400000)
  from space 10752K, 100% used [0x0000000776400000,0x0000000776e80000,0x0000000776e80000)
  to   space 36352K, 0% used [0x000000077d600000,0x000000077d600000,0x000000077f980000)
 ParOldGen       total 219648K, used 57328K [0x00000006c0c00000, 0x00000006ce280000, 0x000000076af00000)
  object space 219648K, 26% used [0x00000006c0c00000,0x00000006c43fc200,0x00000006ce280000)
 Metaspace       used 40046K, capacity 40577K, committed 40960K, reserved 1085440K
  class space    used 4871K, capacity 5018K, committed 5120K, reserved 1048576K
}
Event: 13.336 GC heap before
{Heap before GC invocations=8 (full 2):
 PSYoungGen      total 196096K, used 196096K [0x000000076af00000, 0x000000077f980000, 0x00000007c0000000)
  eden space 185344K, 100% used [0x000000076af00000,0x0000000776400000,0x0000000776400000)
  from space 10752K, 100% used [0x0000000776400000,0x0000000776e80000,0x0000000776e80000)
  to   space 36352K, 0% used [0x000000077d600000,0x000000077d600000,0x000000077f980000)
 ParOldGen       total 219648K, used 57328K [0x00000006c0c00000, 0x00000006ce280000, 0x000000076af00000)
  object space 219648K, 26% used [0x00000006c0c00000,0x00000006c43fc200,0x00000006ce280000)
 Metaspace       used 47081K, capacity 47923K, committed 48256K, reserved 1091584K
  class space    used 5741K, capacity 5951K, committed 6016K, reserved 1048576K
Event: 13.389 GC heap after
Heap after GC invocations=8 (full 2):
 PSYoungGen      total 295424K, used 32887K [0x000000076af00000, 0x000000077fd00000, 0x00000007c0000000)
  eden space 259072K, 0% used [0x000000076af00000,0x000000076af00000,0x000000077ac00000)
  from space 36352K, 90% used [0x000000077d600000,0x000000077f61dce8,0x000000077f980000)
  to   space 41472K, 0% used [0x000000077ac00000,0x000000077ac00000,0x000000077d480000)
 ParOldGen       total 219648K, used 57336K [0x00000006c0c00000, 0x00000006ce280000, 0x000000076af00000)
  object space 219648K, 26% used [0x00000006c0c00000,0x00000006c43fe200,0x00000006ce280000)
 Metaspace       used 47081K, capacity 47923K, committed 48256K, reserved 1091584K
  class space    used 5741K, capacity 5951K, committed 6016K, reserved 1048576K
}
Event: 19.592 GC heap before
{Heap before GC invocations=9 (full 2):
 PSYoungGen      total 295424K, used 291959K [0x000000076af00000, 0x000000077fd00000, 0x00000007c0000000)
  eden space 259072K, 100% used [0x000000076af00000,0x000000077ac00000,0x000000077ac00000)
  from space 36352K, 90% used [0x000000077d600000,0x000000077f61dce8,0x000000077f980000)
  to   space 41472K, 0% used [0x000000077ac00000,0x000000077ac00000,0x000000077d480000)
 ParOldGen       total 219648K, used 57336K [0x00000006c0c00000, 0x00000006ce280000, 0x000000076af00000)
  object space 219648K, 26% used [0x00000006c0c00000,0x00000006c43fe200,0x00000006ce280000)
 Metaspace       used 49787K, capacity 50795K, committed 51072K, reserved 1093632K
  class space    used 5971K, capacity 6227K, committed 6272K, reserved 1048576K
Event: 19.717 GC heap after
Heap after GC invocations=9 (full 2):
 PSYoungGen      total 300544K, used 41451K [0x000000076af00000, 0x0000000787000000, 0x00000007c0000000)
  eden space 259072K, 0% used [0x000000076af00000,0x000000076af00000,0x000000077ac00000)
  from space 41472K, 99% used [0x000000077ac00000,0x000000077d47ac50,0x000000077d480000)
  to   space 50688K, 0% used [0x0000000783e80000,0x0000000783e80000,0x0000000787000000)
 ParOldGen       total 219648K, used 61826K [0x00000006c0c00000, 0x00000006ce280000, 0x000000076af00000)
  object space 219648K, 28% used [0x00000006c0c00000,0x00000006c48608e8,0x00000006ce280000)
 Metaspace       used 49787K, capacity 50795K, committed 51072K, reserved 1093632K
  class space    used 5971K, capacity 6227K, committed 6272K, reserved 1048576K
}
Event: 28.028 GC heap before
{Heap before GC invocations=10 (full 2):
 PSYoungGen      total 300544K, used 300523K [0x000000076af00000, 0x0000000787000000, 0x00000007c0000000)
  eden space 259072K, 100% used [0x000000076af00000,0x000000077ac00000,0x000000077ac00000)
  from space 41472K, 99% used [0x000000077ac00000,0x000000077d47ac50,0x000000077d480000)
  to   space 50688K, 0% used [0x0000000783e80000,0x0000000783e80000,0x0000000787000000)
 ParOldGen       total 219648K, used 61826K [0x00000006c0c00000, 0x00000006ce280000, 0x000000076af00000)
  object space 219648K, 28% used [0x00000006c0c00000,0x00000006c48608e8,0x00000006ce280000)
 Metaspace       used 51503K, capacity 52839K, committed 53120K, reserved 1095680K
  class space    used 6097K, capacity 6409K, committed 6528K, reserved 1048576K
Event: 28.162 GC heap after
Heap after GC invocations=10 (full 2):
 PSYoungGen      total 309760K, used 50681K [0x000000076af00000, 0x0000000787000000, 0x00000007c0000000)
  eden space 259072K, 0% used [0x000000076af00000,0x000000076af00000,0x000000077ac00000)
  from space 50688K, 99% used [0x0000000783e80000,0x0000000786ffe7f8,0x0000000787000000)
  to   space 41472K, 0% used [0x000000077ac00000,0x000000077ac00000,0x000000077d480000)
 ParOldGen       total 219648K, used 66539K [0x00000006c0c00000, 0x00000006ce280000, 0x000000076af00000)
  object space 219648K, 30% used [0x00000006c0c00000,0x00000006c4cfaf48,0x00000006ce280000)
 Metaspace       used 51503K, capacity 52839K, committed 53120K, reserved 1095680K
  class space    used 6097K, capacity 6409K, committed 6528K, reserved 1048576K
}

