# JRE version: OpenJDK Runtime Environment (8.0_152-b02) (build 1.8.0_152-release-1024-b02)
# Java VM: OpenJDK 64-Bit Server VM (25.152-b02 mixed mode windows-amd64 compressed oops)
Heap:
 PSYoungGen      total 443904K, used 153869K [0x00000000d5580000, 0x00000000f9080000, 0x0000000100000000)
  eden space 391168K, 36% used [0x00000000d5580000,0x00000000de2c2c80,0x00000000ed380000)
  from space 52736K, 17% used [0x00000000f1c80000,0x00000000f2580880,0x00000000f5000000)
  to   space 74752K, 0% used [0x00000000ed380000,0x00000000ed380000,0x00000000f1c80000)
 ParOldGen       total 149504K, used 115605K [0x0000000080000000, 0x0000000089200000, 0x00000000d5580000)
  object space 149504K, 77% used [0x0000000080000000,0x00000000870e55c0,0x0000000089200000)
 Metaspace       used 63675K, capacity 65355K, committed 65576K, reserved 1107968K
  class space    used 7264K, capacity 7635K, committed 7728K, reserved 1048576K
GC Heap History (10 events):
Event: 32.577 GC heap before
{Heap before GC invocations=12 (full 3):
 PSYoungGen      total 312832K, used 312800K [0x00000000d5580000, 0x00000000ec780000, 0x0000000100000000)
  eden space 274944K, 100% used [0x00000000d5580000,0x00000000e6200000,0x00000000e6200000)
  from space 37888K, 99% used [0x00000000e9180000,0x00000000eb678130,0x00000000eb680000)
  to   space 48640K, 0% used [0x00000000e6200000,0x00000000e6200000,0x00000000e9180000)
 ParOldGen       total 149504K, used 53076K [0x0000000080000000, 0x0000000089200000, 0x00000000d5580000)
  object space 149504K, 35% used [0x0000000080000000,0x00000000833d5190,0x0000000089200000)
 Metaspace       used 53905K, capacity 54955K, committed 55208K, reserved 1097728K
  class space    used 6468K, capacity 6745K, committed 6832K, reserved 1048576K
Event: 32.778 GC heap after
Heap after GC invocations=12 (full 3):
 PSYoungGen      total 323584K, used 48613K [0x00000000d5580000, 0x00000000f5700000, 0x0000000100000000)
  eden space 274944K, 0% used [0x00000000d5580000,0x00000000d5580000,0x00000000e6200000)
  from space 48640K, 99% used [0x00000000e6200000,0x00000000e91797b0,0x00000000e9180000)
  to   space 59904K, 0% used [0x00000000f1c80000,0x00000000f1c80000,0x00000000f5700000)
 ParOldGen       total 149504K, used 60528K [0x0000000080000000, 0x0000000089200000, 0x00000000d5580000)
  object space 149504K, 40% used [0x0000000080000000,0x0000000083b1c198,0x0000000089200000)
 Metaspace       used 53905K, capacity 54955K, committed 55208K, reserved 1097728K
  class space    used 6468K, capacity 6745K, committed 6832K, reserved 1048576K
}
Event: 42.834 GC heap before
{Heap before GC invocations=13 (full 3):
 PSYoungGen      total 323584K, used 323557K [0x00000000d5580000, 0x00000000f5700000, 0x0000000100000000)
  eden space 274944K, 100% used [0x00000000d5580000,0x00000000e6200000,0x00000000e6200000)
  from space 48640K, 99% used [0x00000000e6200000,0x00000000e91797b0,0x00000000e9180000)
  to   space 59904K, 0% used [0x00000000f1c80000,0x00000000f1c80000,0x00000000f5700000)
 ParOldGen       total 149504K, used 60528K [0x0000000080000000, 0x0000000089200000, 0x00000000d5580000)
  object space 149504K, 40% used [0x0000000080000000,0x0000000083b1c198,0x0000000089200000)
 Metaspace       used 55482K, capacity 56883K, committed 57128K, reserved 1099776K
  class space    used 6600K, capacity 6929K, committed 6960K, reserved 1048576K
Event: 42.959 GC heap after
Heap after GC invocations=13 (full 3):
 PSYoungGen      total 401408K, used 52246K [0x00000000d5580000, 0x00000000f5000000, 0x0000000100000000)
  eden space 348672K, 0% used [0x00000000d5580000,0x00000000d5580000,0x00000000eaa00000)
  from space 52736K, 99% used [0x00000000f1c80000,0x00000000f4f858e8,0x00000000f5000000)
  to   space 67072K, 0% used [0x00000000ecd00000,0x00000000ecd00000,0x00000000f0e80000)
 ParOldGen       total 149504K, used 70901K [0x0000000080000000, 0x0000000089200000, 0x00000000d5580000)
  object space 149504K, 47% used [0x0000000080000000,0x000000008453d4d8,0x0000000089200000)
 Metaspace       used 55482K, capacity 56883K, committed 57128K, reserved 1099776K
  class space    used 6600K, capacity 6929K, committed 6960K, reserved 1048576K
}
Event: 48.160 GC heap before
{Heap before GC invocations=14 (full 3):
 PSYoungGen      total 401408K, used 300091K [0x00000000d5580000, 0x00000000f5000000, 0x0000000100000000)
  eden space 348672K, 71% used [0x00000000d5580000,0x00000000e4789408,0x00000000eaa00000)
  from space 52736K, 99% used [0x00000000f1c80000,0x00000000f4f858e8,0x00000000f5000000)
  to   space 67072K, 0% used [0x00000000ecd00000,0x00000000ecd00000,0x00000000f0e80000)
 ParOldGen       total 149504K, used 70901K [0x0000000080000000, 0x0000000089200000, 0x00000000d5580000)
  object space 149504K, 47% used [0x0000000080000000,0x000000008453d4d8,0x0000000089200000)
 Metaspace       used 57634K, capacity 59077K, committed 59160K, reserved 1101824K
  class space    used 6738K, capacity 7070K, committed 7088K, reserved 1048576K
Event: 48.323 GC heap after
Heap after GC invocations=14 (full 3):
 PSYoungGen      total 415744K, used 61690K [0x00000000d5580000, 0x00000000f5000000, 0x0000000100000000)
  eden space 348672K, 0% used [0x00000000d5580000,0x00000000d5580000,0x00000000eaa00000)
  from space 67072K, 91% used [0x00000000ecd00000,0x00000000f093e9c0,0x00000000f0e80000)
  to   space 52736K, 0% used [0x00000000f1c80000,0x00000000f1c80000,0x00000000f5000000)
 ParOldGen       total 149504K, used 70909K [0x0000000080000000, 0x0000000089200000, 0x00000000d5580000)
  object space 149504K, 47% used [0x0000000080000000,0x000000008453f4d8,0x0000000089200000)
 Metaspace       used 57634K, capacity 59077K, committed 59160K, reserved 1101824K
  class space    used 6738K, capacity 7070K, committed 7088K, reserved 1048576K
}
Event: 48.323 GC heap before
{Heap before GC invocations=15 (full 4):
 PSYoungGen      total 415744K, used 61690K [0x00000000d5580000, 0x00000000f5000000, 0x0000000100000000)
  eden space 348672K, 0% used [0x00000000d5580000,0x00000000d5580000,0x00000000eaa00000)
  from space 67072K, 91% used [0x00000000ecd00000,0x00000000f093e9c0,0x00000000f0e80000)
  to   space 52736K, 0% used [0x00000000f1c80000,0x00000000f1c80000,0x00000000f5000000)
 ParOldGen       total 149504K, used 70909K [0x0000000080000000, 0x0000000089200000, 0x00000000d5580000)
  object space 149504K, 47% used [0x0000000080000000,0x000000008453f4d8,0x0000000089200000)
 Metaspace       used 57634K, capacity 59077K, committed 59160K, reserved 1101824K
  class space    used 6738K, capacity 7070K, committed 7088K, reserved 1048576K
Event: 49.218 GC heap after
Heap after GC invocations=15 (full 4):
 PSYoungGen      total 415744K, used 0K [0x00000000d5580000, 0x00000000f5000000, 0x0000000100000000)
  eden space 348672K, 0% used [0x00000000d5580000,0x00000000d5580000,0x00000000eaa00000)
  from space 67072K, 0% used [0x00000000ecd00000,0x00000000ecd00000,0x00000000f0e80000)
  to   space 52736K, 0% used [0x00000000f1c80000,0x00000000f1c80000,0x00000000f5000000)
 ParOldGen       total 149504K, used 115597K [0x0000000080000000, 0x0000000089200000, 0x00000000d5580000)
  object space 149504K, 77% used [0x0000000080000000,0x00000000870e35c0,0x0000000089200000)
 Metaspace       used 57634K, capacity 59077K, committed 59160K, reserved 1101824K
  class space    used 6738K, capacity 7070K, committed 7088K, reserved 1048576K
}
Event: 58.649 GC heap before
{Heap before GC invocations=16 (full 4):
 PSYoungGen      total 415744K, used 348672K [0x00000000d5580000, 0x00000000f5000000, 0x0000000100000000)
  eden space 348672K, 100% used [0x00000000d5580000,0x00000000eaa00000,0x00000000eaa00000)
  from space 67072K, 0% used [0x00000000ecd00000,0x00000000ecd00000,0x00000000f0e80000)
  to   space 52736K, 0% used [0x00000000f1c80000,0x00000000f1c80000,0x00000000f5000000)
 ParOldGen       total 149504K, used 115597K [0x0000000080000000, 0x0000000089200000, 0x00000000d5580000)
  object space 149504K, 77% used [0x0000000080000000,0x00000000870e35c0,0x0000000089200000)
 Metaspace       used 63512K, capacity 65109K, committed 65192K, reserved 1107968K
  class space    used 7258K, capacity 7600K, committed 7600K, reserved 1048576K
Event: 58.665 GC heap after
Heap after GC invocations=16 (full 4):
 PSYoungGen      total 443904K, used 9218K [0x00000000d5580000, 0x00000000f9080000, 0x0000000100000000)
  eden space 391168K, 0% used [0x00000000d5580000,0x00000000d5580000,0x00000000ed380000)
  from space 52736K, 17% used [0x00000000f1c80000,0x00000000f2580880,0x00000000f5000000)
  to   space 74752K, 0% used [0x00000000ed380000,0x00000000ed380000,0x00000000f1c80000)
 ParOldGen       total 149504K, used 115605K [0x0000000080000000, 0x0000000089200000, 0x00000000d5580000)
  object space 149504K, 77% used [0x0000000080000000,0x00000000870e55c0,0x0000000089200000)
 Metaspace       used 63512K, capacity 65109K, committed 65192K, reserved 1107968K
  class space    used 7258K, capacity 7600K, committed 7600K, reserved 1048576K
}

