# JRE version: OpenJDK Runtime Environment (8.0_152-b06) (build 1.8.0_152-release-1136-b06)
# Java VM: OpenJDK 64-Bit Server VM (25.152-b06 mixed mode windows-amd64 compressed oops)
Heap:
 PSYoungGen      total 137728K, used 25869K [0x00000000d5580000, 0x00000000e2000000, 0x0000000100000000)
  eden space 126976K, 20% used [0x00000000d5580000,0x00000000d6ec34c8,0x00000000dd180000)
  from space 10752K, 0% used [0x00000000dd180000,0x00000000dd180000,0x00000000ddc00000)
  to   space 15360K, 0% used [0x00000000e1100000,0x00000000e1100000,0x00000000e2000000)
 ParOldGen       total 95232K, used 21420K [0x0000000080000000, 0x0000000085d00000, 0x00000000d5580000)
  object space 95232K, 22% used [0x0000000080000000,0x00000000814eb248,0x0000000085d00000)
 Metaspace       used 37269K, capacity 38130K, committed 38528K, reserved 1083392K
  class space    used 5076K, capacity 5402K, committed 5504K, reserved 1048576K
GC Heap History (10 events):
Event: 11.602 GC heap before
{Heap before GC invocations=3 (full 0):
 PSYoungGen      total 76288K, used 38916K [0x00000000d5580000, 0x00000000dea80000, 0x0000000100000000)
  eden space 65536K, 43% used [0x00000000d5580000,0x00000000d714f048,0x00000000d9580000)
  from space 10752K, 97% used [0x00000000da000000,0x00000000daa320c8,0x00000000daa80000)
  to   space 10752K, 0% used [0x00000000d9580000,0x00000000d9580000,0x00000000da000000)
 ParOldGen       total 175104K, used 24K [0x0000000080000000, 0x000000008ab00000, 0x00000000d5580000)
  object space 175104K, 0% used [0x0000000080000000,0x0000000080006000,0x000000008ab00000)
 Metaspace       used 20754K, capacity 21200K, committed 21248K, reserved 1067008K
  class space    used 2899K, capacity 3039K, committed 3072K, reserved 1048576K
Event: 11.622 GC heap after
Heap after GC invocations=3 (full 0):
 PSYoungGen      total 76288K, used 8908K [0x00000000d5580000, 0x00000000dea80000, 0x0000000100000000)
  eden space 65536K, 0% used [0x00000000d5580000,0x00000000d5580000,0x00000000d9580000)
  from space 10752K, 82% used [0x00000000d9580000,0x00000000d9e33208,0x00000000da000000)
  to   space 10752K, 0% used [0x00000000de000000,0x00000000de000000,0x00000000dea80000)
 ParOldGen       total 175104K, used 32K [0x0000000080000000, 0x000000008ab00000, 0x00000000d5580000)
  object space 175104K, 0% used [0x0000000080000000,0x0000000080008000,0x000000008ab00000)
 Metaspace       used 20754K, capacity 21200K, committed 21248K, reserved 1067008K
  class space    used 2899K, capacity 3039K, committed 3072K, reserved 1048576K
}
Event: 11.622 GC heap before
{Heap before GC invocations=4 (full 1):
 PSYoungGen      total 76288K, used 8908K [0x00000000d5580000, 0x00000000dea80000, 0x0000000100000000)
  eden space 65536K, 0% used [0x00000000d5580000,0x00000000d5580000,0x00000000d9580000)
  from space 10752K, 82% used [0x00000000d9580000,0x00000000d9e33208,0x00000000da000000)
  to   space 10752K, 0% used [0x00000000de000000,0x00000000de000000,0x00000000dea80000)
 ParOldGen       total 175104K, used 32K [0x0000000080000000, 0x000000008ab00000, 0x00000000d5580000)
  object space 175104K, 0% used [0x0000000080000000,0x0000000080008000,0x000000008ab00000)
 Metaspace       used 20754K, capacity 21200K, committed 21248K, reserved 1067008K
  class space    used 2899K, capacity 3039K, committed 3072K, reserved 1048576K
Event: 11.707 GC heap after
Heap after GC invocations=4 (full 1):
 PSYoungGen      total 76288K, used 0K [0x00000000d5580000, 0x00000000dea80000, 0x0000000100000000)
  eden space 65536K, 0% used [0x00000000d5580000,0x00000000d5580000,0x00000000d9580000)
  from space 10752K, 0% used [0x00000000d9580000,0x00000000d9580000,0x00000000da000000)
  to   space 10752K, 0% used [0x00000000de000000,0x00000000de000000,0x00000000dea80000)
 ParOldGen       total 95232K, used 8702K [0x0000000080000000, 0x0000000085d00000, 0x00000000d5580000)
  object space 95232K, 9% used [0x0000000080000000,0x000000008087f9a0,0x0000000085d00000)
 Metaspace       used 20754K, capacity 21200K, committed 21248K, reserved 1067008K
  class space    used 2899K, capacity 3039K, committed 3072K, reserved 1048576K
}
Event: 13.868 GC heap before
{Heap before GC invocations=5 (full 1):
 PSYoungGen      total 76288K, used 65536K [0x00000000d5580000, 0x00000000dea80000, 0x0000000100000000)
  eden space 65536K, 100% used [0x00000000d5580000,0x00000000d9580000,0x00000000d9580000)
  from space 10752K, 0% used [0x00000000d9580000,0x00000000d9580000,0x00000000da000000)
  to   space 10752K, 0% used [0x00000000de000000,0x00000000de000000,0x00000000dea80000)
 ParOldGen       total 95232K, used 8702K [0x0000000080000000, 0x0000000085d00000, 0x00000000d5580000)
  object space 95232K, 9% used [0x0000000080000000,0x000000008087f9a0,0x0000000085d00000)
 Metaspace       used 25984K, capacity 26504K, committed 26624K, reserved 1073152K
  class space    used 3634K, capacity 3797K, committed 3840K, reserved 1048576K
Event: 13.885 GC heap after
Heap after GC invocations=5 (full 1):
 PSYoungGen      total 115200K, used 6420K [0x00000000d5580000, 0x00000000de680000, 0x0000000100000000)
  eden space 108544K, 0% used [0x00000000d5580000,0x00000000d5580000,0x00000000dbf80000)
  from space 6656K, 96% used [0x00000000de000000,0x00000000de6452e8,0x00000000de680000)
  to   space 10752K, 0% used [0x00000000dd180000,0x00000000dd180000,0x00000000ddc00000)
 ParOldGen       total 95232K, used 8710K [0x0000000080000000, 0x0000000085d00000, 0x00000000d5580000)
  object space 95232K, 9% used [0x0000000080000000,0x00000000808819a0,0x0000000085d00000)
 Metaspace       used 25984K, capacity 26504K, committed 26624K, reserved 1073152K
  class space    used 3634K, capacity 3797K, committed 3840K, reserved 1048576K
}
Event: 18.785 GC heap before
{Heap before GC invocations=6 (full 1):
 PSYoungGen      total 115200K, used 113691K [0x00000000d5580000, 0x00000000de680000, 0x0000000100000000)
  eden space 108544K, 98% used [0x00000000d5580000,0x00000000dbe41a08,0x00000000dbf80000)
  from space 6656K, 96% used [0x00000000de000000,0x00000000de6452e8,0x00000000de680000)
  to   space 10752K, 0% used [0x00000000dd180000,0x00000000dd180000,0x00000000ddc00000)
 ParOldGen       total 95232K, used 8710K [0x0000000080000000, 0x0000000085d00000, 0x00000000d5580000)
  object space 95232K, 9% used [0x0000000080000000,0x00000000808819a0,0x0000000085d00000)
 Metaspace       used 34470K, capacity 35250K, committed 35416K, reserved 1079296K
  class space    used 4728K, capacity 5019K, committed 5120K, reserved 1048576K
Event: 18.819 GC heap after
Heap after GC invocations=6 (full 1):
 PSYoungGen      total 137728K, used 10724K [0x00000000d5580000, 0x00000000e2000000, 0x0000000100000000)
  eden space 126976K, 0% used [0x00000000d5580000,0x00000000d5580000,0x00000000dd180000)
  from space 10752K, 99% used [0x00000000dd180000,0x00000000ddbf9050,0x00000000ddc00000)
  to   space 15360K, 0% used [0x00000000e1100000,0x00000000e1100000,0x00000000e2000000)
 ParOldGen       total 95232K, used 13195K [0x0000000080000000, 0x0000000085d00000, 0x00000000d5580000)
  object space 95232K, 13% used [0x0000000080000000,0x0000000080ce2e98,0x0000000085d00000)
 Metaspace       used 34470K, capacity 35250K, committed 35416K, reserved 1079296K
  class space    used 4728K, capacity 5019K, committed 5120K, reserved 1048576K
}
Event: 18.819 GC heap before
{Heap before GC invocations=7 (full 2):
 PSYoungGen      total 137728K, used 10724K [0x00000000d5580000, 0x00000000e2000000, 0x0000000100000000)
  eden space 126976K, 0% used [0x00000000d5580000,0x00000000d5580000,0x00000000dd180000)
  from space 10752K, 99% used [0x00000000dd180000,0x00000000ddbf9050,0x00000000ddc00000)
  to   space 15360K, 0% used [0x00000000e1100000,0x00000000e1100000,0x00000000e2000000)
 ParOldGen       total 95232K, used 13195K [0x0000000080000000, 0x0000000085d00000, 0x00000000d5580000)
  object space 95232K, 13% used [0x0000000080000000,0x0000000080ce2e98,0x0000000085d00000)
 Metaspace       used 34470K, capacity 35250K, committed 35416K, reserved 1079296K
  class space    used 4728K, capacity 5019K, committed 5120K, reserved 1048576K
Event: 18.960 GC heap after
Heap after GC invocations=7 (full 2):
 PSYoungGen      total 137728K, used 0K [0x00000000d5580000, 0x00000000e2000000, 0x0000000100000000)
  eden space 126976K, 0% used [0x00000000d5580000,0x00000000d5580000,0x00000000dd180000)
  from space 10752K, 0% used [0x00000000dd180000,0x00000000dd180000,0x00000000ddc00000)
  to   space 15360K, 0% used [0x00000000e1100000,0x00000000e1100000,0x00000000e2000000)
 ParOldGen       total 95232K, used 21420K [0x0000000080000000, 0x0000000085d00000, 0x00000000d5580000)
  object space 95232K, 22% used [0x0000000080000000,0x00000000814eb248,0x0000000085d00000)
 Metaspace       used 34447K, capacity 35222K, committed 35416K, reserved 1079296K
  class space    used 4721K, capacity 5011K, committed 5120K, reserved 1048576K
}

