# JRE version: OpenJDK Runtime Environment (8.0_152-b02) (build 1.8.0_152-release-1024-b02)
# Java VM: OpenJDK 64-Bit Server VM (25.152-b02 mixed mode windows-amd64 compressed oops)
Heap:
 PSYoungGen      total 239616K, used 50384K [0x00000000d5580000, 0x00000000e8b80000, 0x0000000100000000)
  eden space 205824K, 8% used [0x00000000d5580000,0x00000000d65b89d0,0x00000000e1e80000)
  from space 33792K, 99% used [0x00000000e1e80000,0x00000000e3f7b8d0,0x00000000e3f80000)
  to   space 50688K, 0% used [0x00000000e5a00000,0x00000000e5a00000,0x00000000e8b80000)
 ParOldGen       total 239104K, used 91001K [0x0000000080000000, 0x000000008e980000, 0x00000000d5580000)
  object space 239104K, 38% used [0x0000000080000000,0x00000000858de680,0x000000008e980000)
 Metaspace       used 91940K, capacity 97259K, committed 98008K, reserved 1134592K
  class space    used 11767K, capacity 12875K, committed 13056K, reserved 1048576K
GC Heap History (10 events):
Event: 12843.498 GC heap before
{Heap before GC invocations=27 (full 4):
 PSYoungGen      total 224256K, used 197632K [0x00000000d5580000, 0x00000000e4a80000, 0x0000000100000000)
  eden space 197632K, 100% used [0x00000000d5580000,0x00000000e1680000,0x00000000e1680000)
  from space 26624K, 0% used [0x00000000e3080000,0x00000000e3080000,0x00000000e4a80000)
  to   space 26624K, 0% used [0x00000000e1680000,0x00000000e1680000,0x00000000e3080000)
 ParOldGen       total 239104K, used 57783K [0x0000000080000000, 0x000000008e980000, 0x00000000d5580000)
  object space 239104K, 24% used [0x0000000080000000,0x000000008386dcf0,0x000000008e980000)
 Metaspace       used 84948K, capacity 89415K, committed 91992K, reserved 1128448K
  class space    used 10937K, capacity 11884K, committed 12416K, reserved 1048576K
Event: 12843.528 GC heap after
Heap after GC invocations=27 (full 4):
 PSYoungGen      total 224256K, used 17532K [0x00000000d5580000, 0x00000000e5180000, 0x0000000100000000)
  eden space 197632K, 0% used [0x00000000d5580000,0x00000000d5580000,0x00000000e1680000)
  from space 26624K, 65% used [0x00000000e1680000,0x00000000e279f320,0x00000000e3080000)
  to   space 27136K, 0% used [0x00000000e3700000,0x00000000e3700000,0x00000000e5180000)
 ParOldGen       total 239104K, used 57791K [0x0000000080000000, 0x000000008e980000, 0x00000000d5580000)
  object space 239104K, 24% used [0x0000000080000000,0x000000008386fcf0,0x000000008e980000)
 Metaspace       used 84948K, capacity 89415K, committed 91992K, reserved 1128448K
  class space    used 10937K, capacity 11884K, committed 12416K, reserved 1048576K
}
Event: 12845.844 GC heap before
{Heap before GC invocations=28 (full 4):
 PSYoungGen      total 224256K, used 215164K [0x00000000d5580000, 0x00000000e5180000, 0x0000000100000000)
  eden space 197632K, 100% used [0x00000000d5580000,0x00000000e1680000,0x00000000e1680000)
  from space 26624K, 65% used [0x00000000e1680000,0x00000000e279f320,0x00000000e3080000)
  to   space 27136K, 0% used [0x00000000e3700000,0x00000000e3700000,0x00000000e5180000)
 ParOldGen       total 239104K, used 57791K [0x0000000080000000, 0x000000008e980000, 0x00000000d5580000)
  object space 239104K, 24% used [0x0000000080000000,0x000000008386fcf0,0x000000008e980000)
 Metaspace       used 85324K, capacity 90051K, committed 92248K, reserved 1128448K
  class space    used 11035K, capacity 12027K, committed 12416K, reserved 1048576K
Event: 12845.871 GC heap after
Heap after GC invocations=28 (full 4):
 PSYoungGen      total 228864K, used 24000K [0x00000000d5580000, 0x00000000e5c00000, 0x0000000100000000)
  eden space 201728K, 0% used [0x00000000d5580000,0x00000000d5580000,0x00000000e1a80000)
  from space 27136K, 88% used [0x00000000e3700000,0x00000000e4e70378,0x00000000e5180000)
  to   space 29184K, 0% used [0x00000000e1a80000,0x00000000e1a80000,0x00000000e3700000)
 ParOldGen       total 239104K, used 57799K [0x0000000080000000, 0x000000008e980000, 0x00000000d5580000)
  object space 239104K, 24% used [0x0000000080000000,0x0000000083871cf0,0x000000008e980000)
 Metaspace       used 85324K, capacity 90051K, committed 92248K, reserved 1128448K
  class space    used 11035K, capacity 12027K, committed 12416K, reserved 1048576K
}
Event: 12855.141 GC heap before
{Heap before GC invocations=29 (full 4):
 PSYoungGen      total 228864K, used 225728K [0x00000000d5580000, 0x00000000e5c00000, 0x0000000100000000)
  eden space 201728K, 100% used [0x00000000d5580000,0x00000000e1a80000,0x00000000e1a80000)
  from space 27136K, 88% used [0x00000000e3700000,0x00000000e4e70378,0x00000000e5180000)
  to   space 29184K, 0% used [0x00000000e1a80000,0x00000000e1a80000,0x00000000e3700000)
 ParOldGen       total 239104K, used 57799K [0x0000000080000000, 0x000000008e980000, 0x00000000d5580000)
  object space 239104K, 24% used [0x0000000080000000,0x0000000083871cf0,0x000000008e980000)
 Metaspace       used 86106K, capacity 91219K, committed 92504K, reserved 1130496K
  class space    used 11127K, capacity 12199K, committed 12416K, reserved 1048576K
Event: 12855.183 GC heap after
Heap after GC invocations=29 (full 4):
 PSYoungGen      total 230912K, used 23776K [0x00000000d5580000, 0x00000000e6480000, 0x0000000100000000)
  eden space 201728K, 0% used [0x00000000d5580000,0x00000000d5580000,0x00000000e1a80000)
  from space 29184K, 81% used [0x00000000e1a80000,0x00000000e31b8040,0x00000000e3700000)
  to   space 31232K, 0% used [0x00000000e4600000,0x00000000e4600000,0x00000000e6480000)
 ParOldGen       total 239104K, used 57807K [0x0000000080000000, 0x000000008e980000, 0x00000000d5580000)
  object space 239104K, 24% used [0x0000000080000000,0x0000000083873cf0,0x000000008e980000)
 Metaspace       used 86106K, capacity 91219K, committed 92504K, reserved 1130496K
  class space    used 11127K, capacity 12199K, committed 12416K, reserved 1048576K
}
Event: 12961.152 GC heap before
{Heap before GC invocations=30 (full 4):
 PSYoungGen      total 230912K, used 225504K [0x00000000d5580000, 0x00000000e6480000, 0x0000000100000000)
  eden space 201728K, 100% used [0x00000000d5580000,0x00000000e1a80000,0x00000000e1a80000)
  from space 29184K, 81% used [0x00000000e1a80000,0x00000000e31b8040,0x00000000e3700000)
  to   space 31232K, 0% used [0x00000000e4600000,0x00000000e4600000,0x00000000e6480000)
 ParOldGen       total 239104K, used 57807K [0x0000000080000000, 0x000000008e980000, 0x00000000d5580000)
  object space 239104K, 24% used [0x0000000080000000,0x0000000083873cf0,0x000000008e980000)
 Metaspace       used 86813K, capacity 92059K, committed 92888K, reserved 1130496K
  class space    used 11205K, capacity 12291K, committed 12544K, reserved 1048576K
Event: 12961.202 GC heap after
Heap after GC invocations=30 (full 4):
 PSYoungGen      total 224256K, used 26992K [0x00000000d5580000, 0x00000000e6080000, 0x0000000100000000)
  eden space 197120K, 0% used [0x00000000d5580000,0x00000000d5580000,0x00000000e1600000)
  from space 27136K, 99% used [0x00000000e4600000,0x00000000e605c1d8,0x00000000e6080000)
  to   space 33792K, 0% used [0x00000000e1e80000,0x00000000e1e80000,0x00000000e3f80000)
 ParOldGen       total 239104K, used 57815K [0x0000000080000000, 0x000000008e980000, 0x00000000d5580000)
  object space 239104K, 24% used [0x0000000080000000,0x0000000083875cf0,0x000000008e980000)
 Metaspace       used 86813K, capacity 92059K, committed 92888K, reserved 1130496K
  class space    used 11205K, capacity 12291K, committed 12544K, reserved 1048576K
}
Event: 12965.917 GC heap before
{Heap before GC invocations=31 (full 4):
 PSYoungGen      total 224256K, used 224112K [0x00000000d5580000, 0x00000000e6080000, 0x0000000100000000)
  eden space 197120K, 100% used [0x00000000d5580000,0x00000000e1600000,0x00000000e1600000)
  from space 27136K, 99% used [0x00000000e4600000,0x00000000e605c1d8,0x00000000e6080000)
  to   space 33792K, 0% used [0x00000000e1e80000,0x00000000e1e80000,0x00000000e3f80000)
 ParOldGen       total 239104K, used 57815K [0x0000000080000000, 0x000000008e980000, 0x00000000d5580000)
  object space 239104K, 24% used [0x0000000080000000,0x0000000083875cf0,0x000000008e980000)
 Metaspace       used 91922K, capacity 97195K, committed 98008K, reserved 1134592K
  class space    used 11767K, capacity 12875K, committed 13056K, reserved 1048576K
Event: 12966.070 GC heap after
Heap after GC invocations=31 (full 4):
 PSYoungGen      total 239616K, used 33774K [0x00000000d5580000, 0x00000000e8b80000, 0x0000000100000000)
  eden space 205824K, 0% used [0x00000000d5580000,0x00000000d5580000,0x00000000e1e80000)
  from space 33792K, 99% used [0x00000000e1e80000,0x00000000e3f7b8d0,0x00000000e3f80000)
  to   space 50688K, 0% used [0x00000000e5a00000,0x00000000e5a00000,0x00000000e8b80000)
 ParOldGen       total 239104K, used 91001K [0x0000000080000000, 0x000000008e980000, 0x00000000d5580000)
  object space 239104K, 38% used [0x0000000080000000,0x00000000858de680,0x000000008e980000)
 Metaspace       used 91922K, capacity 97195K, committed 98008K, reserved 1134592K
  class space    used 11767K, capacity 12875K, committed 13056K, reserved 1048576K
}

