# JRE version: OpenJDK Runtime Environment (8.0_152-b06) (build 1.8.0_152-release-1136-b06)
# Java VM: OpenJDK 64-Bit Server VM (25.152-b06 mixed mode windows-amd64 compressed oops)
Heap:
 PSYoungGen      total 659968K, used 659948K [0x00000000d5580000, 0x0000000100000000, 0x0000000100000000)
  eden space 626176K, 100% used [0x00000000d5580000,0x00000000fb900000,0x00000000fb900000)
  from space 33792K, 99% used [0x00000000fb900000,0x00000000fd9fb290,0x00000000fda00000)
  to   space 38912K, 97% used [0x00000000fda00000,0x00000000fff084f0,0x0000000100000000)
 ParOldGen       total 365056K, used 164455K [0x0000000080000000, 0x0000000096480000, 0x00000000d5580000)
  object space 365056K, 45% used [0x0000000080000000,0x000000008a099c28,0x0000000096480000)
 Metaspace       used 98108K, capacity 101934K, committed 102016K, reserved 1138688K
  class space    used 12309K, capacity 13138K, committed 13184K, reserved 1048576K
GC Heap History (10 events):
Event: 770.322 GC heap after
Heap after GC invocations=27 (full 4):
 PSYoungGen      total 655360K, used 10664K [0x00000000d5580000, 0x00000000ffd00000, 0x0000000100000000)
  eden space 613888K, 0% used [0x00000000d5580000,0x00000000d5580000,0x00000000fad00000)
  from space 41472K, 25% used [0x00000000fad00000,0x00000000fb76a220,0x00000000fd580000)
  to   space 39424K, 0% used [0x00000000fd680000,0x00000000fd680000,0x00000000ffd00000)
 ParOldGen       total 365056K, used 156582K [0x0000000080000000, 0x0000000096480000, 0x00000000d5580000)
  object space 365056K, 42% used [0x0000000080000000,0x00000000898e9b58,0x0000000096480000)
 Metaspace       used 97813K, capacity 101732K, committed 102016K, reserved 1138688K
  class space    used 12284K, capacity 13137K, committed 13184K, reserved 1048576K
}
Event: 774.745 GC heap before
{Heap before GC invocations=28 (full 4):
 PSYoungGen      total 655360K, used 624552K [0x00000000d5580000, 0x00000000ffd00000, 0x0000000100000000)
  eden space 613888K, 100% used [0x00000000d5580000,0x00000000fad00000,0x00000000fad00000)
  from space 41472K, 25% used [0x00000000fad00000,0x00000000fb76a220,0x00000000fd580000)
  to   space 39424K, 0% used [0x00000000fd680000,0x00000000fd680000,0x00000000ffd00000)
 ParOldGen       total 365056K, used 156582K [0x0000000080000000, 0x0000000096480000, 0x00000000d5580000)
  object space 365056K, 42% used [0x0000000080000000,0x00000000898e9b58,0x0000000096480000)
 Metaspace       used 97901K, capacity 101796K, committed 102016K, reserved 1138688K
  class space    used 12299K, capacity 13137K, committed 13184K, reserved 1048576K
Event: 774.783 GC heap after
Heap after GC invocations=28 (full 4):
 PSYoungGen      total 654336K, used 11617K [0x00000000d5580000, 0x00000000ffa00000, 0x0000000100000000)
  eden space 617984K, 0% used [0x00000000d5580000,0x00000000d5580000,0x00000000fb100000)
  from space 36352K, 31% used [0x00000000fd680000,0x00000000fe1d87e8,0x00000000ffa00000)
  to   space 37376K, 0% used [0x00000000fb100000,0x00000000fb100000,0x00000000fd580000)
 ParOldGen       total 365056K, used 156582K [0x0000000080000000, 0x0000000096480000, 0x00000000d5580000)
  object space 365056K, 42% used [0x0000000080000000,0x00000000898e9b58,0x0000000096480000)
 Metaspace       used 97901K, capacity 101796K, committed 102016K, reserved 1138688K
  class space    used 12299K, capacity 13137K, committed 13184K, reserved 1048576K
}
Event: 778.270 GC heap before
{Heap before GC invocations=29 (full 4):
 PSYoungGen      total 654336K, used 629601K [0x00000000d5580000, 0x00000000ffa00000, 0x0000000100000000)
  eden space 617984K, 100% used [0x00000000d5580000,0x00000000fb100000,0x00000000fb100000)
  from space 36352K, 31% used [0x00000000fd680000,0x00000000fe1d87e8,0x00000000ffa00000)
  to   space 37376K, 0% used [0x00000000fb100000,0x00000000fb100000,0x00000000fd580000)
 ParOldGen       total 365056K, used 156582K [0x0000000080000000, 0x0000000096480000, 0x00000000d5580000)
  object space 365056K, 42% used [0x0000000080000000,0x00000000898e9b58,0x0000000096480000)
 Metaspace       used 97985K, capacity 101860K, committed 102016K, reserved 1138688K
  class space    used 12305K, capacity 13137K, committed 13184K, reserved 1048576K
Event: 778.327 GC heap after
Heap after GC invocations=29 (full 4):
 PSYoungGen      total 655360K, used 14248K [0x00000000d5580000, 0x00000000ffd00000, 0x0000000100000000)
  eden space 617984K, 0% used [0x00000000d5580000,0x00000000d5580000,0x00000000fb100000)
  from space 37376K, 38% used [0x00000000fb100000,0x00000000fbeea2c0,0x00000000fd580000)
  to   space 35328K, 0% used [0x00000000fda80000,0x00000000fda80000,0x00000000ffd00000)
 ParOldGen       total 365056K, used 156590K [0x0000000080000000, 0x0000000096480000, 0x00000000d5580000)
  object space 365056K, 42% used [0x0000000080000000,0x00000000898ebb58,0x0000000096480000)
 Metaspace       used 97985K, capacity 101860K, committed 102016K, reserved 1138688K
  class space    used 12305K, capacity 13137K, committed 13184K, reserved 1048576K
}
Event: 786.201 GC heap before
{Heap before GC invocations=30 (full 4):
 PSYoungGen      total 655360K, used 632232K [0x00000000d5580000, 0x00000000ffd00000, 0x0000000100000000)
  eden space 617984K, 100% used [0x00000000d5580000,0x00000000fb100000,0x00000000fb100000)
  from space 37376K, 38% used [0x00000000fb100000,0x00000000fbeea2c0,0x00000000fd580000)
  to   space 35328K, 0% used [0x00000000fda80000,0x00000000fda80000,0x00000000ffd00000)
 ParOldGen       total 365056K, used 156590K [0x0000000080000000, 0x0000000096480000, 0x00000000d5580000)
  object space 365056K, 42% used [0x0000000080000000,0x00000000898ebb58,0x0000000096480000)
 Metaspace       used 98030K, capacity 101866K, committed 102016K, reserved 1138688K
  class space    used 12307K, capacity 13138K, committed 13184K, reserved 1048576K
Event: 786.235 GC heap after
Heap after GC invocations=30 (full 4):
 PSYoungGen      total 659456K, used 12045K [0x00000000d5580000, 0x00000000ffb00000, 0x0000000100000000)
  eden space 626176K, 0% used [0x00000000d5580000,0x00000000d5580000,0x00000000fb900000)
  from space 33280K, 36% used [0x00000000fda80000,0x00000000fe6435b0,0x00000000ffb00000)
  to   space 33792K, 0% used [0x00000000fb900000,0x00000000fb900000,0x00000000fda00000)
 ParOldGen       total 365056K, used 156598K [0x0000000080000000, 0x0000000096480000, 0x00000000d5580000)
  object space 365056K, 42% used [0x0000000080000000,0x00000000898edb58,0x0000000096480000)
 Metaspace       used 98030K, capacity 101866K, committed 102016K, reserved 1138688K
  class space    used 12307K, capacity 13138K, committed 13184K, reserved 1048576K
}
Event: 790.136 GC heap before
{Heap before GC invocations=31 (full 4):
 PSYoungGen      total 659456K, used 638221K [0x00000000d5580000, 0x00000000ffb00000, 0x0000000100000000)
  eden space 626176K, 100% used [0x00000000d5580000,0x00000000fb900000,0x00000000fb900000)
  from space 33280K, 36% used [0x00000000fda80000,0x00000000fe6435b0,0x00000000ffb00000)
  to   space 33792K, 0% used [0x00000000fb900000,0x00000000fb900000,0x00000000fda00000)
 ParOldGen       total 365056K, used 156598K [0x0000000080000000, 0x0000000096480000, 0x00000000d5580000)
  object space 365056K, 42% used [0x0000000080000000,0x00000000898edb58,0x0000000096480000)
 Metaspace       used 98101K, capacity 101934K, committed 102016K, reserved 1138688K
  class space    used 12308K, capacity 13138K, committed 13184K, reserved 1048576K
Event: 790.196 GC heap after
Heap after GC invocations=31 (full 4):
 PSYoungGen      total 659968K, used 33772K [0x00000000d5580000, 0x0000000100000000, 0x0000000100000000)
  eden space 626176K, 0% used [0x00000000d5580000,0x00000000d5580000,0x00000000fb900000)
  from space 33792K, 99% used [0x00000000fb900000,0x00000000fd9fb290,0x00000000fda00000)
  to   space 38912K, 0% used [0x00000000fda00000,0x00000000fda00000,0x0000000100000000)
 ParOldGen       total 365056K, used 164439K [0x0000000080000000, 0x0000000096480000, 0x00000000d5580000)
  object space 365056K, 45% used [0x0000000080000000,0x000000008a095c28,0x0000000096480000)
 Metaspace       used 98101K, capacity 101934K, committed 102016K, reserved 1138688K
  class space    used 12308K, capacity 13138K, committed 13184K, reserved 1048576K
}
Event: 792.978 GC heap before
{Heap before GC invocations=32 (full 4):
 PSYoungGen      total 659968K, used 659948K [0x00000000d5580000, 0x0000000100000000, 0x0000000100000000)
  eden space 626176K, 100% used [0x00000000d5580000,0x00000000fb900000,0x00000000fb900000)
  from space 33792K, 99% used [0x00000000fb900000,0x00000000fd9fb290,0x00000000fda00000)
  to   space 38912K, 0% used [0x00000000fda00000,0x00000000fda00000,0x0000000100000000)
 ParOldGen       total 365056K, used 164439K [0x0000000080000000, 0x0000000096480000, 0x00000000d5580000)
  object space 365056K, 45% used [0x0000000080000000,0x000000008a095c28,0x0000000096480000)
 Metaspace       used 98108K, capacity 101934K, committed 102016K, reserved 1138688K
  class space    used 12309K, capacity 13138K, committed 13184K, reserved 1048576K

