# JRE version: OpenJDK Runtime Environment (8.0_152-b02) (build 1.8.0_152-release-1024-b02)
# Java VM: OpenJDK 64-Bit Server VM (25.152-b02 mixed mode windows-amd64 compressed oops)
Heap:
 PSYoungGen      total 544768K, used 544087K [0x00000000d5580000, 0x0000000100000000, 0x0000000100000000)
  eden space 395776K, 99% used [0x00000000d5580000,0x00000000ed759338,0x00000000ed800000)
  from space 148992K, 99% used [0x00000000ed800000,0x00000000f697ccb0,0x00000000f6980000)
  to   space 154112K, 7% used [0x00000000f6980000,0x00000000f7458040,0x0000000100000000)
 ParOldGen       total 540672K, used 311646K [0x0000000080000000, 0x00000000a1000000, 0x00000000d5580000)
  object space 540672K, 57% used [0x0000000080000000,0x0000000093057b48,0x00000000a1000000)
 Metaspace       used 129416K, capacity 136805K, committed 136960K, reserved 1169408K
  class space    used 15699K, capacity 17116K, committed 17152K, reserved 1048576K
GC Heap History (10 events):
Event: 36324.164 GC heap before
{Heap before GC invocations=137 (full 14):
 PSYoungGen      total 516608K, used 114172K [0x00000000d5580000, 0x0000000100000000, 0x0000000100000000)
  eden space 402432K, 0% used [0x00000000d5580000,0x00000000d5580000,0x00000000ede80000)
  from space 114176K, 99% used [0x00000000ede80000,0x00000000f4dff130,0x00000000f4e00000)
  to   space 148992K, 0% used [0x00000000f6e80000,0x00000000f6e80000,0x0000000100000000)
 ParOldGen       total 258048K, used 222459K [0x0000000080000000, 0x000000008fc00000, 0x00000000d5580000)
  object space 258048K, 86% used [0x0000000080000000,0x000000008d93ec08,0x000000008fc00000)
 Metaspace       used 128838K, capacity 136075K, committed 136320K, reserved 1169408K
  class space    used 15608K, capacity 17021K, committed 17024K, reserved 1048576K
Event: 36325.896 GC heap after
Heap after GC invocations=137 (full 14):
 PSYoungGen      total 516608K, used 0K [0x00000000d5580000, 0x0000000100000000, 0x0000000100000000)
  eden space 402432K, 0% used [0x00000000d5580000,0x00000000d5580000,0x00000000ede80000)
  from space 114176K, 0% used [0x00000000ede80000,0x00000000ede80000,0x00000000f4e00000)
  to   space 148992K, 0% used [0x00000000f6e80000,0x00000000f6e80000,0x0000000100000000)
 ParOldGen       total 540672K, used 253322K [0x0000000080000000, 0x00000000a1000000, 0x00000000d5580000)
  object space 540672K, 46% used [0x0000000080000000,0x000000008f762a98,0x00000000a1000000)
 Metaspace       used 128552K, capacity 135683K, committed 136320K, reserved 1169408K
  class space    used 15578K, capacity 16973K, committed 17024K, reserved 1048576K
}
Event: 36331.481 GC heap before
{Heap before GC invocations=138 (full 14):
 PSYoungGen      total 516608K, used 402432K [0x00000000d5580000, 0x0000000100000000, 0x0000000100000000)
  eden space 402432K, 100% used [0x00000000d5580000,0x00000000ede80000,0x00000000ede80000)
  from space 114176K, 0% used [0x00000000ede80000,0x00000000ede80000,0x00000000f4e00000)
  to   space 148992K, 0% used [0x00000000f6e80000,0x00000000f6e80000,0x0000000100000000)
 ParOldGen       total 540672K, used 253322K [0x0000000080000000, 0x00000000a1000000, 0x00000000d5580000)
  object space 540672K, 46% used [0x0000000080000000,0x000000008f762a98,0x00000000a1000000)
 Metaspace       used 129330K, capacity 136685K, committed 136960K, reserved 1169408K
  class space    used 15688K, capacity 17104K, committed 17152K, reserved 1048576K
Event: 36331.659 GC heap after
Heap after GC invocations=138 (full 14):
 PSYoungGen      total 557568K, used 56985K [0x00000000d5580000, 0x0000000100000000, 0x0000000100000000)
  eden space 408576K, 0% used [0x00000000d5580000,0x00000000d5580000,0x00000000ee480000)
  from space 148992K, 38% used [0x00000000f6e80000,0x00000000fa6266a8,0x0000000100000000)
  to   space 141312K, 0% used [0x00000000ee480000,0x00000000ee480000,0x00000000f6e80000)
 ParOldGen       total 540672K, used 253330K [0x0000000080000000, 0x00000000a1000000, 0x00000000d5580000)
  object space 540672K, 46% used [0x0000000080000000,0x000000008f764a98,0x00000000a1000000)
 Metaspace       used 129330K, capacity 136685K, committed 136960K, reserved 1169408K
  class space    used 15688K, capacity 17104K, committed 17152K, reserved 1048576K
}
Event: 36332.308 GC heap before
{Heap before GC invocations=139 (full 14):
 PSYoungGen      total 557568K, used 465561K [0x00000000d5580000, 0x0000000100000000, 0x0000000100000000)
  eden space 408576K, 100% used [0x00000000d5580000,0x00000000ee480000,0x00000000ee480000)
  from space 148992K, 38% used [0x00000000f6e80000,0x00000000fa6266a8,0x0000000100000000)
  to   space 141312K, 0% used [0x00000000ee480000,0x00000000ee480000,0x00000000f6e80000)
 ParOldGen       total 540672K, used 253330K [0x0000000080000000, 0x00000000a1000000, 0x00000000d5580000)
  object space 540672K, 46% used [0x0000000080000000,0x000000008f764a98,0x00000000a1000000)
 Metaspace       used 129330K, capacity 136685K, committed 136960K, reserved 1169408K
  class space    used 15688K, capacity 17104K, committed 17152K, reserved 1048576K
Event: 36332.495 GC heap after
Heap after GC invocations=139 (full 14):
 PSYoungGen      total 453120K, used 44251K [0x00000000d5580000, 0x00000000fee80000, 0x0000000100000000)
  eden space 408576K, 0% used [0x00000000d5580000,0x00000000d5580000,0x00000000ee480000)
  from space 44544K, 99% used [0x00000000ee480000,0x00000000f0fb6e90,0x00000000f1000000)
  to   space 136192K, 0% used [0x00000000f6980000,0x00000000f6980000,0x00000000fee80000)
 ParOldGen       total 540672K, used 253330K [0x0000000080000000, 0x00000000a1000000, 0x00000000d5580000)
  object space 540672K, 46% used [0x0000000080000000,0x000000008f764a98,0x00000000a1000000)
 Metaspace       used 129330K, capacity 136685K, committed 136960K, reserved 1169408K
  class space    used 15688K, capacity 17104K, committed 17152K, reserved 1048576K
}
Event: 36334.549 GC heap before
{Heap before GC invocations=140 (full 14):
 PSYoungGen      total 453120K, used 452827K [0x00000000d5580000, 0x00000000fee80000, 0x0000000100000000)
  eden space 408576K, 100% used [0x00000000d5580000,0x00000000ee480000,0x00000000ee480000)
  from space 44544K, 99% used [0x00000000ee480000,0x00000000f0fb6e90,0x00000000f1000000)
  to   space 136192K, 0% used [0x00000000f6980000,0x00000000f6980000,0x00000000fee80000)
 ParOldGen       total 540672K, used 253330K [0x0000000080000000, 0x00000000a1000000, 0x00000000d5580000)
  object space 540672K, 46% used [0x0000000080000000,0x000000008f764a98,0x00000000a1000000)
 Metaspace       used 129366K, capacity 136735K, committed 136960K, reserved 1169408K
  class space    used 15697K, capacity 17115K, committed 17152K, reserved 1048576K
Event: 36334.750 GC heap after
Heap after GC invocations=140 (full 14):
 PSYoungGen      total 531968K, used 115707K [0x00000000d5580000, 0x0000000100000000, 0x0000000100000000)
  eden space 395776K, 0% used [0x00000000d5580000,0x00000000d5580000,0x00000000ed800000)
  from space 136192K, 84% used [0x00000000f6980000,0x00000000fda7ee58,0x00000000fee80000)
  to   space 148992K, 0% used [0x00000000ed800000,0x00000000ed800000,0x00000000f6980000)
 ParOldGen       total 540672K, used 253330K [0x0000000080000000, 0x00000000a1000000, 0x00000000d5580000)
  object space 540672K, 46% used [0x0000000080000000,0x000000008f764a98,0x00000000a1000000)
 Metaspace       used 129366K, capacity 136735K, committed 136960K, reserved 1169408K
  class space    used 15697K, capacity 17115K, committed 17152K, reserved 1048576K
}
Event: 36339.686 GC heap before
{Heap before GC invocations=141 (full 14):
 PSYoungGen      total 531968K, used 511483K [0x00000000d5580000, 0x0000000100000000, 0x0000000100000000)
  eden space 395776K, 100% used [0x00000000d5580000,0x00000000ed800000,0x00000000ed800000)
  from space 136192K, 84% used [0x00000000f6980000,0x00000000fda7ee58,0x00000000fee80000)
  to   space 148992K, 0% used [0x00000000ed800000,0x00000000ed800000,0x00000000f6980000)
 ParOldGen       total 540672K, used 253330K [0x0000000080000000, 0x00000000a1000000, 0x00000000d5580000)
  object space 540672K, 46% used [0x0000000080000000,0x000000008f764a98,0x00000000a1000000)
 Metaspace       used 129390K, capacity 136741K, committed 136960K, reserved 1169408K
  class space    used 15697K, capacity 17116K, committed 17152K, reserved 1048576K
Event: 36340.146 GC heap after
Heap after GC invocations=141 (full 14):
 PSYoungGen      total 544768K, used 148979K [0x00000000d5580000, 0x0000000100000000, 0x0000000100000000)
  eden space 395776K, 0% used [0x00000000d5580000,0x00000000d5580000,0x00000000ed800000)
  from space 148992K, 99% used [0x00000000ed800000,0x00000000f697ccb0,0x00000000f6980000)
  to   space 154112K, 0% used [0x00000000f6980000,0x00000000f6980000,0x0000000100000000)
 ParOldGen       total 540672K, used 311646K [0x0000000080000000, 0x00000000a1000000, 0x00000000d5580000)
  object space 540672K, 57% used [0x0000000080000000,0x0000000093057b48,0x00000000a1000000)
 Metaspace       used 129390K, capacity 136741K, committed 136960K, reserved 1169408K
  class space    used 15697K, capacity 17116K, committed 17152K, reserved 1048576K
}

