# JRE version: OpenJDK Runtime Environment (8.0_152-b02) (build 1.8.0_152-release-1024-b02)
# Java VM: OpenJDK 64-Bit Server VM (25.152-b02 mixed mode windows-amd64 compressed oops)
Heap:
 PSYoungGen      total 283136K, used 191081K [0x00000000d5580000, 0x00000000e8f80000, 0x0000000100000000)
  eden space 260096K, 66% used [0x00000000d5580000,0x00000000dfd24d50,0x00000000e5380000)
  from space 23040K, 84% used [0x00000000e7100000,0x00000000e83f5898,0x00000000e8780000)
  to   space 30208K, 0% used [0x00000000e5380000,0x00000000e5380000,0x00000000e7100000)
 ParOldGen       total 228864K, used 160004K [0x0000000080000000, 0x000000008df80000, 0x00000000d5580000)
  object space 228864K, 69% used [0x0000000080000000,0x0000000089c411e8,0x000000008df80000)
 Metaspace       used 88652K, capacity 92489K, committed 92800K, reserved 1130496K
  class space    used 11487K, capacity 12306K, committed 12416K, reserved 1048576K
GC Heap History (10 events):
Event: 148.332 GC heap before
{Heap before GC invocations=21 (full 3):
 PSYoungGen      total 290304K, used 275962K [0x00000000d5580000, 0x00000000e8f80000, 0x0000000100000000)
  eden space 260096K, 99% used [0x00000000d5580000,0x00000000e53705c8,0x00000000e5380000)
  from space 30208K, 52% used [0x00000000e5380000,0x00000000e630e608,0x00000000e7100000)
  to   space 23040K, 0% used [0x00000000e7100000,0x00000000e7100000,0x00000000e8780000)
 ParOldGen       total 228864K, used 117750K [0x0000000080000000, 0x000000008df80000, 0x00000000d5580000)
  object space 228864K, 51% used [0x0000000080000000,0x00000000872fd830,0x000000008df80000)
 Metaspace       used 78079K, capacity 80909K, committed 81152K, reserved 1120256K
  class space    used 10247K, capacity 10892K, committed 11008K, reserved 1048576K
Event: 148.367 GC heap after
Heap after GC invocations=21 (full 3):
 PSYoungGen      total 283136K, used 128K [0x00000000d5580000, 0x00000000e8f80000, 0x0000000100000000)
  eden space 260096K, 0% used [0x00000000d5580000,0x00000000d5580000,0x00000000e5380000)
  from space 23040K, 0% used [0x00000000e7100000,0x00000000e7120000,0x00000000e8780000)
  to   space 30208K, 0% used [0x00000000e5380000,0x00000000e5380000,0x00000000e7100000)
 ParOldGen       total 228864K, used 133710K [0x0000000080000000, 0x000000008df80000, 0x00000000d5580000)
  object space 228864K, 58% used [0x0000000080000000,0x0000000088293ba8,0x000000008df80000)
 Metaspace       used 78079K, capacity 80909K, committed 81152K, reserved 1120256K
  class space    used 10247K, capacity 10892K, committed 11008K, reserved 1048576K
}
Event: 151.647 GC heap before
{Heap before GC invocations=22 (full 3):
 PSYoungGen      total 283136K, used 260224K [0x00000000d5580000, 0x00000000e8f80000, 0x0000000100000000)
  eden space 260096K, 100% used [0x00000000d5580000,0x00000000e5380000,0x00000000e5380000)
  from space 23040K, 0% used [0x00000000e7100000,0x00000000e7120000,0x00000000e8780000)
  to   space 30208K, 0% used [0x00000000e5380000,0x00000000e5380000,0x00000000e7100000)
 ParOldGen       total 228864K, used 133710K [0x0000000080000000, 0x000000008df80000, 0x00000000d5580000)
  object space 228864K, 58% used [0x0000000080000000,0x0000000088293ba8,0x000000008df80000)
 Metaspace       used 78712K, capacity 81509K, committed 81664K, reserved 1120256K
  class space    used 10330K, capacity 10952K, committed 11008K, reserved 1048576K
Event: 151.672 GC heap after
Heap after GC invocations=22 (full 3):
 PSYoungGen      total 290304K, used 16227K [0x00000000d5580000, 0x00000000e8f80000, 0x0000000100000000)
  eden space 260096K, 0% used [0x00000000d5580000,0x00000000d5580000,0x00000000e5380000)
  from space 30208K, 53% used [0x00000000e5380000,0x00000000e6358f08,0x00000000e7100000)
  to   space 23040K, 0% used [0x00000000e7100000,0x00000000e7100000,0x00000000e8780000)
 ParOldGen       total 228864K, used 133750K [0x0000000080000000, 0x000000008df80000, 0x00000000d5580000)
  object space 228864K, 58% used [0x0000000080000000,0x000000008829dba8,0x000000008df80000)
 Metaspace       used 78712K, capacity 81509K, committed 81664K, reserved 1120256K
  class space    used 10330K, capacity 10952K, committed 11008K, reserved 1048576K
}
Event: 158.469 GC heap before
{Heap before GC invocations=23 (full 3):
 PSYoungGen      total 290304K, used 276323K [0x00000000d5580000, 0x00000000e8f80000, 0x0000000100000000)
  eden space 260096K, 100% used [0x00000000d5580000,0x00000000e5380000,0x00000000e5380000)
  from space 30208K, 53% used [0x00000000e5380000,0x00000000e6358f08,0x00000000e7100000)
  to   space 23040K, 0% used [0x00000000e7100000,0x00000000e7100000,0x00000000e8780000)
 ParOldGen       total 228864K, used 133750K [0x0000000080000000, 0x000000008df80000, 0x00000000d5580000)
  object space 228864K, 58% used [0x0000000080000000,0x000000008829dba8,0x000000008df80000)
 Metaspace       used 79743K, capacity 82685K, committed 82816K, reserved 1120256K
  class space    used 10401K, capacity 11072K, committed 11136K, reserved 1048576K
Event: 158.505 GC heap after
Heap after GC invocations=23 (full 3):
 PSYoungGen      total 283136K, used 15087K [0x00000000d5580000, 0x00000000e8f80000, 0x0000000100000000)
  eden space 260096K, 0% used [0x00000000d5580000,0x00000000d5580000,0x00000000e5380000)
  from space 23040K, 65% used [0x00000000e7100000,0x00000000e7fbbe20,0x00000000e8780000)
  to   space 30208K, 0% used [0x00000000e5380000,0x00000000e5380000,0x00000000e7100000)
 ParOldGen       total 228864K, used 145623K [0x0000000080000000, 0x000000008df80000, 0x00000000d5580000)
  object space 228864K, 63% used [0x0000000080000000,0x0000000088e35d60,0x000000008df80000)
 Metaspace       used 79743K, capacity 82685K, committed 82816K, reserved 1120256K
  class space    used 10401K, capacity 11072K, committed 11136K, reserved 1048576K
}
Event: 164.069 GC heap before
{Heap before GC invocations=24 (full 3):
 PSYoungGen      total 283136K, used 275183K [0x00000000d5580000, 0x00000000e8f80000, 0x0000000100000000)
  eden space 260096K, 100% used [0x00000000d5580000,0x00000000e5380000,0x00000000e5380000)
  from space 23040K, 65% used [0x00000000e7100000,0x00000000e7fbbe20,0x00000000e8780000)
  to   space 30208K, 0% used [0x00000000e5380000,0x00000000e5380000,0x00000000e7100000)
 ParOldGen       total 228864K, used 145623K [0x0000000080000000, 0x000000008df80000, 0x00000000d5580000)
  object space 228864K, 63% used [0x0000000080000000,0x0000000088e35d60,0x000000008df80000)
 Metaspace       used 80408K, capacity 83413K, committed 83712K, reserved 1122304K
  class space    used 10469K, capacity 11140K, committed 11264K, reserved 1048576K
Event: 164.098 GC heap after
Heap after GC invocations=24 (full 3):
 PSYoungGen      total 290304K, used 12469K [0x00000000d5580000, 0x00000000e8f80000, 0x0000000100000000)
  eden space 260096K, 0% used [0x00000000d5580000,0x00000000d5580000,0x00000000e5380000)
  from space 30208K, 41% used [0x00000000e5380000,0x00000000e5fad758,0x00000000e7100000)
  to   space 23040K, 0% used [0x00000000e7100000,0x00000000e7100000,0x00000000e8780000)
 ParOldGen       total 228864K, used 152764K [0x0000000080000000, 0x000000008df80000, 0x00000000d5580000)
  object space 228864K, 66% used [0x0000000080000000,0x000000008952f168,0x000000008df80000)
 Metaspace       used 80408K, capacity 83413K, committed 83712K, reserved 1122304K
  class space    used 10469K, capacity 11140K, committed 11264K, reserved 1048576K
}
Event: 170.256 GC heap before
{Heap before GC invocations=25 (full 3):
 PSYoungGen      total 290304K, used 272565K [0x00000000d5580000, 0x00000000e8f80000, 0x0000000100000000)
  eden space 260096K, 100% used [0x00000000d5580000,0x00000000e5380000,0x00000000e5380000)
  from space 30208K, 41% used [0x00000000e5380000,0x00000000e5fad758,0x00000000e7100000)
  to   space 23040K, 0% used [0x00000000e7100000,0x00000000e7100000,0x00000000e8780000)
 ParOldGen       total 228864K, used 152764K [0x0000000080000000, 0x000000008df80000, 0x00000000d5580000)
  object space 228864K, 66% used [0x0000000080000000,0x000000008952f168,0x000000008df80000)
 Metaspace       used 87537K, capacity 91289K, committed 91392K, reserved 1128448K
  class space    used 11441K, capacity 12236K, committed 12288K, reserved 1048576K
Event: 170.305 GC heap after
Heap after GC invocations=25 (full 3):
 PSYoungGen      total 283136K, used 19414K [0x00000000d5580000, 0x00000000e8f80000, 0x0000000100000000)
  eden space 260096K, 0% used [0x00000000d5580000,0x00000000d5580000,0x00000000e5380000)
  from space 23040K, 84% used [0x00000000e7100000,0x00000000e83f5898,0x00000000e8780000)
  to   space 30208K, 0% used [0x00000000e5380000,0x00000000e5380000,0x00000000e7100000)
 ParOldGen       total 228864K, used 160004K [0x0000000080000000, 0x000000008df80000, 0x00000000d5580000)
  object space 228864K, 69% used [0x0000000080000000,0x0000000089c411e8,0x000000008df80000)
 Metaspace       used 87537K, capacity 91289K, committed 91392K, reserved 1128448K
  class space    used 11441K, capacity 12236K, committed 12288K, reserved 1048576K
}

