# JRE version: Java(TM) SE Runtime Environment (8.0_102-b14) (build 1.8.0_102-b14)
# Java VM: Java HotSpot(TM) 64-Bit Server VM (25.102-b14 mixed mode windows-amd64 compressed oops)
Heap:
 PSYoungGen      total 579072K, used 469145K [0x00000000d5580000, 0x00000000ff300000, 0x0000000100000000)
  eden space 495104K, 91% used [0x00000000d5580000,0x00000000f0fe8e60,0x00000000f3900000)
  from space 83968K, 19% used [0x00000000fa100000,0x00000000fb0bd670,0x00000000ff300000)
  to   space 95232K, 0% used [0x00000000f3900000,0x00000000f3900000,0x00000000f9600000)
 ParOldGen       total 328192K, used 131877K [0x0000000080000000, 0x0000000094080000, 0x00000000d5580000)
  object space 328192K, 40% used [0x0000000080000000,0x00000000880c9780,0x0000000094080000)
 Metaspace       used 67346K, capacity 69156K, committed 69248K, reserved 1110016K
  class space    used 7682K, capacity 8059K, committed 8064K, reserved 1048576K
GC Heap History (10 events):
Event: 47.138 GC heap before
{Heap before GC invocations=16 (full 3):
 PSYoungGen      total 397824K, used 387234K [0x00000000d5580000, 0x00000000f4d80000, 0x0000000100000000)
  eden space 325632K, 100% used [0x00000000d5580000,0x00000000e9380000,0x00000000e9380000)
  from space 72192K, 85% used [0x00000000ee180000,0x00000000f1da8920,0x00000000f2800000)
  to   space 79872K, 0% used [0x00000000e9380000,0x00000000e9380000,0x00000000ee180000)
 ParOldGen       total 185344K, used 83722K [0x0000000080000000, 0x000000008b500000, 0x00000000d5580000)
  object space 185344K, 45% used [0x0000000080000000,0x00000000851c28a8,0x000000008b500000)
 Metaspace       used 57013K, capacity 58452K, committed 58752K, reserved 1101824K
  class space    used 6861K, capacity 7175K, committed 7296K, reserved 1048576K
Event: 47.282 GC heap after
Heap after GC invocations=16 (full 3):
 PSYoungGen      total 405504K, used 74645K [0x00000000d5580000, 0x00000000f9a80000, 0x0000000100000000)
  eden space 325632K, 0% used [0x00000000d5580000,0x00000000d5580000,0x00000000e9380000)
  from space 79872K, 93% used [0x00000000e9380000,0x00000000edc656e8,0x00000000ee180000)
  to   space 91136K, 0% used [0x00000000f4180000,0x00000000f4180000,0x00000000f9a80000)
 ParOldGen       total 185344K, used 83730K [0x0000000080000000, 0x000000008b500000, 0x00000000d5580000)
  object space 185344K, 45% used [0x0000000080000000,0x00000000851c48a8,0x000000008b500000)
 Metaspace       used 57013K, capacity 58452K, committed 58752K, reserved 1101824K
  class space    used 6861K, capacity 7175K, committed 7296K, reserved 1048576K
}
Event: 51.720 GC heap before
{Heap before GC invocations=17 (full 3):
 PSYoungGen      total 405504K, used 300023K [0x00000000d5580000, 0x00000000f9a80000, 0x0000000100000000)
  eden space 325632K, 69% used [0x00000000d5580000,0x00000000e31987b8,0x00000000e9380000)
  from space 79872K, 93% used [0x00000000e9380000,0x00000000edc656e8,0x00000000ee180000)
  to   space 91136K, 0% used [0x00000000f4180000,0x00000000f4180000,0x00000000f9a80000)
 ParOldGen       total 185344K, used 83730K [0x0000000080000000, 0x000000008b500000, 0x00000000d5580000)
  object space 185344K, 45% used [0x0000000080000000,0x00000000851c48a8,0x000000008b500000)
 Metaspace       used 57593K, capacity 59016K, committed 59160K, reserved 1101824K
  class space    used 6890K, capacity 7209K, committed 7296K, reserved 1048576K
Event: 51.931 GC heap after
Heap after GC invocations=17 (full 3):
 PSYoungGen      total 495104K, used 75041K [0x00000000d5580000, 0x00000000fb280000, 0x0000000100000000)
  eden space 403968K, 0% used [0x00000000d5580000,0x00000000d5580000,0x00000000ee000000)
  from space 91136K, 82% used [0x00000000f4180000,0x00000000f8ac84e8,0x00000000f9a80000)
  to   space 99840K, 0% used [0x00000000ee000000,0x00000000ee000000,0x00000000f4180000)
 ParOldGen       total 185344K, used 83738K [0x0000000080000000, 0x000000008b500000, 0x00000000d5580000)
  object space 185344K, 45% used [0x0000000080000000,0x00000000851c68a8,0x000000008b500000)
 Metaspace       used 57593K, capacity 59016K, committed 59160K, reserved 1101824K
  class space    used 6890K, capacity 7209K, committed 7296K, reserved 1048576K
}
Event: 51.931 GC heap before
{Heap before GC invocations=18 (full 4):
 PSYoungGen      total 495104K, used 75041K [0x00000000d5580000, 0x00000000fb280000, 0x0000000100000000)
  eden space 403968K, 0% used [0x00000000d5580000,0x00000000d5580000,0x00000000ee000000)
  from space 91136K, 82% used [0x00000000f4180000,0x00000000f8ac84e8,0x00000000f9a80000)
  to   space 99840K, 0% used [0x00000000ee000000,0x00000000ee000000,0x00000000f4180000)
 ParOldGen       total 185344K, used 83738K [0x0000000080000000, 0x000000008b500000, 0x00000000d5580000)
  object space 185344K, 45% used [0x0000000080000000,0x00000000851c68a8,0x000000008b500000)
 Metaspace       used 57593K, capacity 59016K, committed 59160K, reserved 1101824K
  class space    used 6890K, capacity 7209K, committed 7296K, reserved 1048576K
Event: 53.257 GC heap after
Heap after GC invocations=18 (full 4):
 PSYoungGen      total 495104K, used 0K [0x00000000d5580000, 0x00000000fb280000, 0x0000000100000000)
  eden space 403968K, 0% used [0x00000000d5580000,0x00000000d5580000,0x00000000ee000000)
  from space 91136K, 0% used [0x00000000f4180000,0x00000000f4180000,0x00000000f9a80000)
  to   space 99840K, 0% used [0x00000000ee000000,0x00000000ee000000,0x00000000f4180000)
 ParOldGen       total 328192K, used 131861K [0x0000000080000000, 0x0000000094080000, 0x00000000d5580000)
  object space 328192K, 40% used [0x0000000080000000,0x00000000880c5780,0x0000000094080000)
 Metaspace       used 57593K, capacity 59016K, committed 59160K, reserved 1101824K
  class space    used 6890K, capacity 7209K, committed 7296K, reserved 1048576K
}
Event: 62.960 GC heap before
{Heap before GC invocations=19 (full 4):
 PSYoungGen      total 495104K, used 403968K [0x00000000d5580000, 0x00000000fb280000, 0x0000000100000000)
  eden space 403968K, 100% used [0x00000000d5580000,0x00000000ee000000,0x00000000ee000000)
  from space 91136K, 0% used [0x00000000f4180000,0x00000000f4180000,0x00000000f9a80000)
  to   space 99840K, 0% used [0x00000000ee000000,0x00000000ee000000,0x00000000f4180000)
 ParOldGen       total 328192K, used 131861K [0x0000000080000000, 0x0000000094080000, 0x00000000d5580000)
  object space 328192K, 40% used [0x0000000080000000,0x00000000880c5780,0x0000000094080000)
 Metaspace       used 65051K, capacity 66738K, committed 66816K, reserved 1107968K
  class space    used 7548K, capacity 7910K, committed 7936K, reserved 1048576K
Event: 62.990 GC heap after
Heap after GC invocations=19 (full 4):
 PSYoungGen      total 503808K, used 20109K [0x00000000d5580000, 0x0000000100000000, 0x0000000100000000)
  eden space 403968K, 0% used [0x00000000d5580000,0x00000000d5580000,0x00000000ee000000)
  from space 99840K, 20% used [0x00000000ee000000,0x00000000ef3a34f8,0x00000000f4180000)
  to   space 97280K, 0% used [0x00000000fa100000,0x00000000fa100000,0x0000000100000000)
 ParOldGen       total 328192K, used 131869K [0x0000000080000000, 0x0000000094080000, 0x00000000d5580000)
  object space 328192K, 40% used [0x0000000080000000,0x00000000880c7780,0x0000000094080000)
 Metaspace       used 65051K, capacity 66738K, committed 66816K, reserved 1107968K
  class space    used 7548K, capacity 7910K, committed 7936K, reserved 1048576K
}
Event: 70.131 GC heap before
{Heap before GC invocations=20 (full 4):
 PSYoungGen      total 503808K, used 424077K [0x00000000d5580000, 0x0000000100000000, 0x0000000100000000)
  eden space 403968K, 100% used [0x00000000d5580000,0x00000000ee000000,0x00000000ee000000)
  from space 99840K, 20% used [0x00000000ee000000,0x00000000ef3a34f8,0x00000000f4180000)
  to   space 97280K, 0% used [0x00000000fa100000,0x00000000fa100000,0x0000000100000000)
 ParOldGen       total 328192K, used 131869K [0x0000000080000000, 0x0000000094080000, 0x00000000d5580000)
  object space 328192K, 40% used [0x0000000080000000,0x00000000880c7780,0x0000000094080000)
 Metaspace       used 65634K, capacity 67374K, committed 67712K, reserved 1110016K
  class space    used 7565K, capacity 7946K, committed 8064K, reserved 1048576K
Event: 70.173 GC heap after
Heap after GC invocations=20 (full 4):
 PSYoungGen      total 579072K, used 16117K [0x00000000d5580000, 0x00000000ff300000, 0x0000000100000000)
  eden space 495104K, 0% used [0x00000000d5580000,0x00000000d5580000,0x00000000f3900000)
  from space 83968K, 19% used [0x00000000fa100000,0x00000000fb0bd670,0x00000000ff300000)
  to   space 95232K, 0% used [0x00000000f3900000,0x00000000f3900000,0x00000000f9600000)
 ParOldGen       total 328192K, used 131877K [0x0000000080000000, 0x0000000094080000, 0x00000000d5580000)
  object space 328192K, 40% used [0x0000000080000000,0x00000000880c9780,0x0000000094080000)
 Metaspace       used 65634K, capacity 67374K, committed 67712K, reserved 1110016K
  class space    used 7565K, capacity 7946K, committed 8064K, reserved 1048576K
}

